<?xml version="1.0" encoding="UTF-8"?>
<robot generator="Robot 6.0.2 (Python 3.11.3 on win32)" generated="20230531 16:22:30.463" rpa="false" schemaversion="3">
<suite id="s1" name="ExemploDeIf" source="c:\Estudos\curso_robot\robotFrameworkBasicUdemy\ExemplosEstruturas\ExemploDeIf.robot">
<test id="s1-t1" name="Cenario 01" line="6">
<if>
<branch type="IF" condition="${STATUS} &gt; 0">
<kw name="logando no console se for maior">
<kw name="Log To Console" library="BuiltIn">
<arg>variavel maior que zero</arg>
<doc>Logs the given message to the console.</doc>
<status status="PASS" starttime="20230531 16:22:30.506" endtime="20230531 16:22:30.507"/>
</kw>
<status status="PASS" starttime="20230531 16:22:30.506" endtime="20230531 16:22:30.507"/>
</kw>
<status status="PASS" starttime="20230531 16:22:30.505" endtime="20230531 16:22:30.507"/>
</branch>
<branch type="ELSE">
<kw name="logando no console se for menor">
<status status="NOT RUN" starttime="20230531 16:22:30.508" endtime="20230531 16:22:30.508"/>
</kw>
<status status="NOT RUN" starttime="20230531 16:22:30.508" endtime="20230531 16:22:30.508"/>
</branch>
<status status="PASS" starttime="20230531 16:22:30.505" endtime="20230531 16:22:30.508"/>
</if>
<status status="PASS" starttime="20230531 16:22:30.504" endtime="20230531 16:22:30.509"/>
</test>
<status status="PASS" starttime="20230531 16:22:30.474" endtime="20230531 16:22:30.511"/>
</suite>
<statistics>
<total>
<stat pass="1" fail="0" skip="0">All Tests</stat>
</total>
<tag>
</tag>
<suite>
<stat pass="1" fail="0" skip="0" id="s1" name="ExemploDeIf">ExemploDeIf</stat>
</suite>
</statistics>
<errors>
</errors>
</robot>
